{"name":"successfulCreditBuy()","status":"broken","statusDetails":{"known":false,"muted":false,"flaky":false,"message":"Подсоединение по адресу localhost:5432 отклонено. Проверьте что хост и порт указаны правильно и что postmaster принимает TCP/IP-подсоединения.","trace":"org.postgresql.util.PSQLException: Подсоединение по адресу localhost:5432 отклонено. Проверьте что хост и порт указаны правильно и что postmaster принимает TCP/IP-подсоединения.\r\n\tat org.postgresql.core.v3.ConnectionFactoryImpl.openConnectionImpl(ConnectionFactoryImpl.java:265)\r\n\tat org.postgresql.core.ConnectionFactory.openConnection(ConnectionFactory.java:49)\r\n\tat org.postgresql.jdbc.PgConnection.<init>(PgConnection.java:194)\r\n\tat org.postgresql.Driver.makeConnection(Driver.java:450)\r\n\tat org.postgresql.Driver.connect(Driver.java:252)\r\n\tat java.sql/java.sql.DriverManager.getConnection(DriverManager.java:677)\r\n\tat java.sql/java.sql.DriverManager.getConnection(DriverManager.java:228)\r\n\tat ru.netology.travel.SqlGetters.getConnection(SqlGetters.java:25)\r\n\tat ru.netology.travel.SqlGetters.getStatus(SqlGetters.java:41)\r\n\tat TripPurchaseTest.successfulCreditBuy(TripPurchaseTest.java:320)\r\n\tat java.base/jdk.internal.reflect.NativeMethodAccessorImpl.invoke0(Native Method)\r\n\tat java.base/jdk.internal.reflect.NativeMethodAccessorImpl.invoke(NativeMethodAccessorImpl.java:62)\r\n\tat java.base/jdk.internal.reflect.DelegatingMethodAccessorImpl.invoke(DelegatingMethodAccessorImpl.java:43)\r\n\tat java.base/java.lang.reflect.Method.invoke(Method.java:566)\r\n\tat org.junit.platform.commons.util.ReflectionUtils.invokeMethod(ReflectionUtils.java:686)\r\n\tat org.junit.jupiter.engine.execution.MethodInvocation.proceed(MethodInvocation.java:60)\r\n\tat org.junit.jupiter.engine.execution.InvocationInterceptorChain$ValidatingInvocation.proceed(InvocationInterceptorChain.java:131)\r\n\tat org.junit.jupiter.engine.extension.TimeoutExtension.intercept(TimeoutExtension.java:149)\r\n\tat org.junit.jupiter.engine.extension.TimeoutExtension.interceptTestableMethod(TimeoutExtension.java:140)\r\n\tat org.junit.jupiter.engine.extension.TimeoutExtension.interceptTestMethod(TimeoutExtension.java:84)\r\n\tat org.junit.jupiter.engine.execution.ExecutableInvoker$ReflectiveInterceptorCall.lambda$ofVoidMethod$0(ExecutableInvoker.java:115)\r\n\tat org.junit.jupiter.engine.execution.ExecutableInvoker.lambda$invoke$0(ExecutableInvoker.java:105)\r\n\tat org.junit.jupiter.engine.execution.InvocationInterceptorChain$InterceptedInvocation.proceed(InvocationInterceptorChain.java:106)\r\n\tat org.junit.jupiter.engine.execution.InvocationInterceptorChain.proceed(InvocationInterceptorChain.java:64)\r\n\tat org.junit.jupiter.engine.execution.InvocationInterceptorChain.chainAndInvoke(InvocationInterceptorChain.java:45)\r\n\tat org.junit.jupiter.engine.execution.InvocationInterceptorChain.invoke(InvocationInterceptorChain.java:37)\r\n\tat org.junit.jupiter.engine.execution.ExecutableInvoker.invoke(ExecutableInvoker.java:104)\r\n\tat org.junit.jupiter.engine.execution.ExecutableInvoker.invoke(ExecutableInvoker.java:98)\r\n\tat org.junit.jupiter.engine.descriptor.TestMethodTestDescriptor.lambda$invokeTestMethod$6(TestMethodTestDescriptor.java:212)\r\n\tat org.junit.platform.engine.support.hierarchical.ThrowableCollector.execute(ThrowableCollector.java:73)\r\n\tat org.junit.jupiter.engine.descriptor.TestMethodTestDescriptor.invokeTestMethod(TestMethodTestDescriptor.java:208)\r\n\tat org.junit.jupiter.engine.descriptor.TestMethodTestDescriptor.execute(TestMethodTestDescriptor.java:137)\r\n\tat org.junit.jupiter.engine.descriptor.TestMethodTestDescriptor.execute(TestMethodTestDescriptor.java:71)\r\n\tat org.junit.platform.engine.support.hierarchical.NodeTestTask.lambda$executeRecursively$5(NodeTestTask.java:135)\r\n\tat org.junit.platform.engine.support.hierarchical.ThrowableCollector.execute(ThrowableCollector.java:73)\r\n\tat org.junit.platform.engine.support.hierarchical.NodeTestTask.lambda$executeRecursively$7(NodeTestTask.java:125)\r\n\tat org.junit.platform.engine.support.hierarchical.Node.around(Node.java:135)\r\n\tat org.junit.platform.engine.support.hierarchical.NodeTestTask.lambda$executeRecursively$8(NodeTestTask.java:123)\r\n\tat org.junit.platform.engine.support.hierarchical.ThrowableCollector.execute(ThrowableCollector.java:73)\r\n\tat org.junit.platform.engine.support.hierarchical.NodeTestTask.executeRecursively(NodeTestTask.java:122)\r\n\tat org.junit.platform.engine.support.hierarchical.NodeTestTask.execute(NodeTestTask.java:80)\r\n\tat java.base/java.util.ArrayList.forEach(ArrayList.java:1541)\r\n\tat org.junit.platform.engine.support.hierarchical.SameThreadHierarchicalTestExecutorService.invokeAll(SameThreadHierarchicalTestExecutorService.java:38)\r\n\tat org.junit.platform.engine.support.hierarchical.NodeTestTask.lambda$executeRecursively$5(NodeTestTask.java:139)\r\n\tat org.junit.platform.engine.support.hierarchical.ThrowableCollector.execute(ThrowableCollector.java:73)\r\n\tat org.junit.platform.engine.support.hierarchical.NodeTestTask.lambda$executeRecursively$7(NodeTestTask.java:125)\r\n\tat org.junit.platform.engine.support.hierarchical.Node.around(Node.java:135)\r\n\tat org.junit.platform.engine.support.hierarchical.NodeTestTask.lambda$executeRecursively$8(NodeTestTask.java:123)\r\n\tat org.junit.platform.engine.support.hierarchical.ThrowableCollector.execute(ThrowableCollector.java:73)\r\n\tat org.junit.platform.engine.support.hierarchical.NodeTestTask.executeRecursively(NodeTestTask.java:122)\r\n\tat org.junit.platform.engine.support.hierarchical.NodeTestTask.execute(NodeTestTask.java:80)\r\n\tat java.base/java.util.ArrayList.forEach(ArrayList.java:1541)\r\n\tat org.junit.platform.engine.support.hierarchical.SameThreadHierarchicalTestExecutorService.invokeAll(SameThreadHierarchicalTestExecutorService.java:38)\r\n\tat org.junit.platform.engine.support.hierarchical.NodeTestTask.lambda$executeRecursively$5(NodeTestTask.java:139)\r\n\tat org.junit.platform.engine.support.hierarchical.ThrowableCollector.execute(ThrowableCollector.java:73)\r\n\tat org.junit.platform.engine.support.hierarchical.NodeTestTask.lambda$executeRecursively$7(NodeTestTask.java:125)\r\n\tat org.junit.platform.engine.support.hierarchical.Node.around(Node.java:135)\r\n\tat org.junit.platform.engine.support.hierarchical.NodeTestTask.lambda$executeRecursively$8(NodeTestTask.java:123)\r\n\tat org.junit.platform.engine.support.hierarchical.ThrowableCollector.execute(ThrowableCollector.java:73)\r\n\tat org.junit.platform.engine.support.hierarchical.NodeTestTask.executeRecursively(NodeTestTask.java:122)\r\n\tat org.junit.platform.engine.support.hierarchical.NodeTestTask.execute(NodeTestTask.java:80)\r\n\tat org.junit.platform.engine.support.hierarchical.SameThreadHierarchicalTestExecutorService.submit(SameThreadHierarchicalTestExecutorService.java:32)\r\n\tat org.junit.platform.engine.support.hierarchical.HierarchicalTestExecutor.execute(HierarchicalTestExecutor.java:57)\r\n\tat org.junit.platform.engine.support.hierarchical.HierarchicalTestEngine.execute(HierarchicalTestEngine.java:51)\r\n\tat org.junit.platform.launcher.core.DefaultLauncher.execute(DefaultLauncher.java:248)\r\n\tat org.junit.platform.launcher.core.DefaultLauncher.lambda$execute$5(DefaultLauncher.java:211)\r\n\tat org.junit.platform.launcher.core.DefaultLauncher.withInterceptedStreams(DefaultLauncher.java:226)\r\n\tat org.junit.platform.launcher.core.DefaultLauncher.execute(DefaultLauncher.java:199)\r\n\tat org.junit.platform.launcher.core.DefaultLauncher.execute(DefaultLauncher.java:132)\r\n\tat org.gradle.api.internal.tasks.testing.junitplatform.JUnitPlatformTestClassProcessor$CollectAllTestClassesExecutor.processAllTestClasses(JUnitPlatformTestClassProcessor.java:99)\r\n\tat org.gradle.api.internal.tasks.testing.junitplatform.JUnitPlatformTestClassProcessor$CollectAllTestClassesExecutor.access$000(JUnitPlatformTestClassProcessor.java:79)\r\n\tat org.gradle.api.internal.tasks.testing.junitplatform.JUnitPlatformTestClassProcessor.stop(JUnitPlatformTestClassProcessor.java:75)\r\n\tat org.gradle.api.internal.tasks.testing.SuiteTestClassProcessor.stop(SuiteTestClassProcessor.java:61)\r\n\tat java.base/jdk.internal.reflect.NativeMethodAccessorImpl.invoke0(Native Method)\r\n\tat java.base/jdk.internal.reflect.NativeMethodAccessorImpl.invoke(NativeMethodAccessorImpl.java:62)\r\n\tat java.base/jdk.internal.reflect.DelegatingMethodAccessorImpl.invoke(DelegatingMethodAccessorImpl.java:43)\r\n\tat java.base/java.lang.reflect.Method.invoke(Method.java:566)\r\n\tat org.gradle.internal.dispatch.ReflectionDispatch.dispatch(ReflectionDispatch.java:36)\r\n\tat org.gradle.internal.dispatch.ReflectionDispatch.dispatch(ReflectionDispatch.java:24)\r\n\tat org.gradle.internal.dispatch.ContextClassLoaderDispatch.dispatch(ContextClassLoaderDispatch.java:33)\r\n\tat org.gradle.internal.dispatch.ProxyDispatchAdapter$DispatchingInvocationHandler.invoke(ProxyDispatchAdapter.java:94)\r\n\tat com.sun.proxy.$Proxy2.stop(Unknown Source)\r\n\tat org.gradle.api.internal.tasks.testing.worker.TestWorker.stop(TestWorker.java:133)\r\n\tat java.base/jdk.internal.reflect.NativeMethodAccessorImpl.invoke0(Native Method)\r\n\tat java.base/jdk.internal.reflect.NativeMethodAccessorImpl.invoke(NativeMethodAccessorImpl.java:62)\r\n\tat java.base/jdk.internal.reflect.DelegatingMethodAccessorImpl.invoke(DelegatingMethodAccessorImpl.java:43)\r\n\tat java.base/java.lang.reflect.Method.invoke(Method.java:566)\r\n\tat org.gradle.internal.dispatch.ReflectionDispatch.dispatch(ReflectionDispatch.java:36)\r\n\tat org.gradle.internal.dispatch.ReflectionDispatch.dispatch(ReflectionDispatch.java:24)\r\n\tat org.gradle.internal.remote.internal.hub.MessageHubBackedObjectConnection$DispatchWrapper.dispatch(MessageHubBackedObjectConnection.java:182)\r\n\tat org.gradle.internal.remote.internal.hub.MessageHubBackedObjectConnection$DispatchWrapper.dispatch(MessageHubBackedObjectConnection.java:164)\r\n\tat org.gradle.internal.remote.internal.hub.MessageHub$Handler.run(MessageHub.java:414)\r\n\tat org.gradle.internal.concurrent.ExecutorPolicy$CatchAndRecordFailures.onExecute(ExecutorPolicy.java:64)\r\n\tat org.gradle.internal.concurrent.ManagedExecutorImpl$1.run(ManagedExecutorImpl.java:48)\r\n\tat java.base/java.util.concurrent.ThreadPoolExecutor.runWorker(ThreadPoolExecutor.java:1128)\r\n\tat java.base/java.util.concurrent.ThreadPoolExecutor$Worker.run(ThreadPoolExecutor.java:628)\r\n\tat org.gradle.internal.concurrent.ThreadFactoryImpl$ManagedThreadRunnable.run(ThreadFactoryImpl.java:56)\r\n\tat java.base/java.lang.Thread.run(Thread.java:834)\r\nCaused by: java.net.ConnectException: Connection refused: connect\r\n\tat java.base/java.net.PlainSocketImpl.waitForConnect(Native Method)\r\n\tat java.base/java.net.PlainSocketImpl.socketConnect(PlainSocketImpl.java:107)\r\n\tat java.base/java.net.AbstractPlainSocketImpl.doConnect(AbstractPlainSocketImpl.java:399)\r\n\tat java.base/java.net.AbstractPlainSocketImpl.connectToAddress(AbstractPlainSocketImpl.java:242)\r\n\tat java.base/java.net.AbstractPlainSocketImpl.connect(AbstractPlainSocketImpl.java:224)\r\n\tat java.base/java.net.SocksSocketImpl.connect(SocksSocketImpl.java:392)\r\n\tat java.base/java.net.Socket.connect(Socket.java:609)\r\n\tat org.postgresql.core.PGStream.<init>(PGStream.java:68)\r\n\tat org.postgresql.core.v3.ConnectionFactoryImpl.openConnectionImpl(ConnectionFactoryImpl.java:144)\r\n\t... 97 more\r\n"},"stage":"finished","description":"","steps":[{"name":"$(\"open\") http://localhost:8080","status":"passed","stage":"finished","steps":[],"attachments":[],"parameters":[],"start":1632138042884,"stop":1632138046359},{"name":"$(\"by text: Купить в кредит\") click()","status":"passed","stage":"finished","steps":[],"attachments":[],"parameters":[],"start":1632138046471,"stop":1632138046849},{"name":"$(\"[class=input__box] [placeholder='0000 0000 0000 0000']\") set value(4444 4444 4444 4441)","status":"passed","stage":"finished","steps":[],"attachments":[],"parameters":[],"start":1632138046850,"stop":1632138047207},{"name":"$(\"[class=input__box] [placeholder='08']\") set value(10)","status":"passed","stage":"finished","steps":[],"attachments":[],"parameters":[],"start":1632138047208,"stop":1632138047366},{"name":"$(\"[class=input__box] [placeholder='22']\") set value(23)","status":"passed","stage":"finished","steps":[],"attachments":[],"parameters":[],"start":1632138047366,"stop":1632138047565},{"name":"$(\"[class=input__control][3]\") set value(Anna)","status":"passed","stage":"finished","steps":[],"attachments":[],"parameters":[],"start":1632138047568,"stop":1632138047805},{"name":"$(\"[class=input__box] [placeholder='999']\") set value(123)","status":"passed","stage":"finished","steps":[],"attachments":[],"parameters":[],"start":1632138047805,"stop":1632138047978},{"name":"$(\"by text: Продолжить\") click()","status":"passed","stage":"finished","steps":[],"attachments":[],"parameters":[],"start":1632138047979,"stop":1632138048070},{"name":"$(\"[class=notification__title]\") should be([visible, 15 s.])","status":"passed","stage":"finished","steps":[],"attachments":[],"parameters":[],"start":1632138048073,"stop":1632138052458},{"name":"$(\"[class=notification__title]\") should have(exact text 'Успешно')","status":"passed","stage":"finished","steps":[],"attachments":[],"parameters":[],"start":1632138052458,"stop":1632138052474},{"name":"$(\"[class=notification__content]\") should be(visible)","status":"passed","stage":"finished","steps":[],"attachments":[],"parameters":[],"start":1632138052474,"stop":1632138052505},{"name":"$(\"[class=notification__content]\") should have(exact text 'Операция одобрена Банком.')","status":"passed","stage":"finished","steps":[],"attachments":[],"parameters":[],"start":1632138052505,"stop":1632138052536}],"attachments":[],"parameters":[],"start":1632138042790,"stop":1632138054961,"uuid":"fcfd7ac0-89c0-47f1-80c0-2246ec91fd1a","historyId":"adc06fcc192c6f9c22e9c1f3d313631e","fullName":"TripPurchaseTest.successfulCreditBuy","labels":[{"name":"host","value":"DESKTOP-H6MRP86"},{"name":"thread","value":"17700@DESKTOP-H6MRP86.Test worker(13)"},{"name":"framework","value":"junit-platform"},{"name":"language","value":"java"},{"name":"package","value":"TripPurchaseTest"},{"name":"testClass","value":"TripPurchaseTest"},{"name":"testMethod","value":"successfulCreditBuy"},{"name":"suite","value":"TripPurchaseTest"}],"links":[]}